<?xml version="1.0" encoding="UTF-8"?>
<!-- Generated by org.testng.reporters.JUnitReportReporter -->
<testsuite hostname="VW_PC_George" name="Test.TestFormulario" tests="1" failures="0" timestamp="25 Jan 2020 23:02:13 GMT" time="26.598" errors="0">
  <testcase name="RegistrarFormulario" time="26.598" classname="Test.TestFormulario"/>
</testsuite> <!-- Test.TestFormulario -->
